<?xml version="1.0" encoding="UTF-8"?>
<!-- Generated by org.testng.reporters.JUnitReportReporter -->
<testsuite hostname="DESKTOP-37N23S7" failures="0" tests="3" name="swage_lab3.My_Test" time="16.877" errors="0" timestamp="2023-10-24T12:54:53 EET" skipped="0">
  <testcase classname="swage_lab3.My_Test" name="LoginWithPreformanceUser" time="8.410"/>
  <system-out/>
  <testcase classname="swage_lab3.My_Test" name="LoginWithStanderdUser" time="5.107"/>
  <system-out/>
  <testcase classname="swage_lab3.My_Test" name="LoginWithProblemUser" time="3.360"/>
  <system-out/>
</testsuite> <!-- swage_lab3.My_Test -->
